<?xml version="1.0" encoding="UTF-8"?>
<!-- Generated by org.testng.reporters.JUnitXMLReporter -->
<testsuite ignored="1" hostname="MBA-SG20-110" failures="0" tests="4" name="classes" time="61.931" errors="0" timestamp="2023-02-27T15:58:47 IST">
  <testcase classname="TESTNGpractice.AddPatientTestTestNG" name="addPatientTest" time="32.785"/>
  <testcase classname="TESTNGpractice.UserRegistrationAppointmentBookingCancelAppointmentTestNG" name="serRegistrationAppointmentBookingCancelAppointment" time="38.515"/>
  <testcase classname="TESTNGpractice.AddAppointDelDocTestNg" name="addAppointDelDoc" time="44.711"/>
  <testcase classname="TESTNGpractice.adminDoctorModuleTestNg" name="AdminModule" time="47.037"/>
  <testcase classname="TESTNGpractice.patApointBookTestNg" name="patApointBook" time="0.0">
    <ignored/>
  </testcase> <!-- patApointBook -->
</testsuite> <!-- classes -->
