<?xml version="1.0" encoding="UTF-8"?>
<!-- Generated by org.testng.reporters.JUnitXMLReporter -->
<testsuite ignored="0" hostname="MBA-SG20-110" failures="0" tests="4" name="Test1" time="61.142" errors="0" timestamp="2023-03-02T16:50:52 IST">
  <testcase classname="TESTNGpractice.PatientApointmentBookingTestNg" name="patientApointmentBooking" time="23.804"/>
  <testcase classname="TESTNGpractice.AddPatientAndMedicalHistoryTestTestNG" name="addPatientAndMedicalHistory" time="32.63"/>
  <testcase classname="TESTNGpractice.AdminDoctorModuleTestNg" name="adminDoctorModule" time="44.327"/>
  <testcase classname="TESTNGpractice.AddAppointmentDeleteDocterTestNg" name="addAppointmentDeleteDocter" time="43.25"/>
</testsuite> <!-- Test1 -->
