<?xml version="1.0" encoding="UTF-8"?>
<!-- Generated by org.testng.reporters.JUnitXMLReporter -->
<testsuite ignored="0" hostname="MBA-SG20-110" failures="0" tests="4" name="Test" time="69.373" errors="0" timestamp="2023-03-03T11:12:14 IST">
  <testcase classname="TESTNGpractice.AddPatientAndMedicalHistoryTestTestNG" name="addPatientAndMedicalHistory" time="9.338"/>
  <testcase classname="TESTNGpractice.PatientApointmentBookingTestNg" name="patientApointmentBooking" time="6.535"/>
  <testcase classname="TESTNGpractice.AddAppointmentDeleteDocterTestNg" name="addAppointmentDeleteDocter" time="15.527"/>
  <testcase classname="TESTNGpractice.AdminDoctorModuleTestNg" name="adminDoctorModule" time="18.39"/>
</testsuite> <!-- Test -->
